{
  "stats": {
    "suites": 1,
    "tests": 5,
    "passes": 5,
    "pending": 0,
    "failures": 0,
    "start": "2021-05-04T12:19:31.894Z",
    "end": "2021-05-04T12:22:31.989Z",
    "duration": 180095,
    "testsRegistered": 5,
    "passPercent": 100,
    "pendingPercent": 0,
    "other": 0,
    "hasOther": false,
    "skipped": 0,
    "hasSkipped": false
  },
  "results": [
    {
      "uuid": "1c8ee31f-db7e-4b45-b79b-0d4d86137a14",
      "title": "",
      "fullFile": "cypress/integration/examples/eyes-test.js",
      "file": "cypress/integration/examples/eyes-test.js",
      "beforeHooks": [],
      "afterHooks": [],
      "tests": [],
      "suites": [
        {
          "uuid": "5c3069fd-ecf3-4052-a47c-9a6cc2a41a53",
          "title": "BP Cookie Modal",
          "fullFile": "",
          "file": "",
          "beforeHooks": [],
          "afterHooks": [],
          "tests": [
            {
              "title": "BP Cookie Modal",
              "fullTitle": "BP Cookie Modal BP Cookie Modal",
              "timedOut": null,
              "duration": 16763,
              "state": "passed",
              "speed": "slow",
              "pass": true,
              "fail": false,
              "pending": false,
              "context": null,
              "code": "cy.visit('https://www.bp.com');\ncy.scrollTo(\"bottom\", {\n  duration: 4000\n});\ncy.makeScreenshotWithHook(\"Home page\", scriptHook);",
              "err": {},
              "uuid": "d50f56af-bb39-4f6a-84f2-b7f4451132d2",
              "parentUUID": "5c3069fd-ecf3-4052-a47c-9a6cc2a41a53",
              "isHook": false,
              "skipped": false
            },
            {
              "title": "Cookie Modal Opens",
              "fullTitle": "BP Cookie Modal Cookie Modal Opens",
              "timedOut": null,
              "duration": 15309,
              "state": "passed",
              "speed": "slow",
              "pass": true,
              "fail": false,
              "pending": false,
              "context": null,
              "code": "cy.get('.nr-cookie-notification__cta-link').click();\ncy.get('.nr-overlay').invoke('show').scrollTo(\"bottom\", {\n  duration: 4000\n}).scrollTo(\"top\");\ncy.makeScreenshot(\"Cookie Modal Opens\");",
              "err": {},
              "uuid": "f19f2fe3-7e42-476b-b0e2-32dc16afae41",
              "parentUUID": "5c3069fd-ecf3-4052-a47c-9a6cc2a41a53",
              "isHook": false,
              "skipped": false
            },
            {
              "title": "Cookie Modal Closes",
              "fullTitle": "BP Cookie Modal Cookie Modal Closes",
              "timedOut": null,
              "duration": 14694,
              "state": "passed",
              "speed": "slow",
              "pass": true,
              "fail": false,
              "pending": false,
              "context": null,
              "code": "cy.get('.nr-overlay__close').click({\n  force: true\n});\ncy.makeScreenshotWithHook(\"Cookie Modal Closes\", scriptHook);",
              "err": {},
              "uuid": "6ca36a20-ccaa-4198-9870-6d020f788b84",
              "parentUUID": "5c3069fd-ecf3-4052-a47c-9a6cc2a41a53",
              "isHook": false,
              "skipped": false
            },
            {
              "title": "Change Cookie Toggles",
              "fullTitle": "BP Cookie Modal Change Cookie Toggles",
              "timedOut": null,
              "duration": 16300,
              "state": "passed",
              "speed": "slow",
              "pass": true,
              "fail": false,
              "pending": false,
              "context": null,
              "code": "cy.get('.nr-cookie-notification__cta-link').click({\n  force: true\n});\ncy.get('.nr-cookie-preferences__cta-button', {\n  timeout: 10000\n}).should('be.visible');\ncy.xpath(\"//input[@data-cookie-type='performance']/following-sibling::span[@class='nr-cookie-preferences__slider']\").click({\n  force: true\n});\ncy.xpath(\"//input[@data-cookie-type='advertising']/following-sibling::span[@class='nr-cookie-preferences__slider']\").click({\n  force: true\n});\ncy.get('.nr-overlay').invoke('show').scrollTo(\"bottom\", {\n  duration: 4000\n}).scrollTo(\"top\");\ncy.makeScreenshot(\"Toggles Changed\");",
              "err": {},
              "uuid": "82b61771-54a2-4ac1-9351-bbd964119140",
              "parentUUID": "5c3069fd-ecf3-4052-a47c-9a6cc2a41a53",
              "isHook": false,
              "skipped": false
            },
            {
              "title": "Save Changes",
              "fullTitle": "BP Cookie Modal Save Changes",
              "timedOut": null,
              "duration": 10039,
              "state": "passed",
              "speed": "slow",
              "pass": true,
              "fail": false,
              "pending": false,
              "context": null,
              "code": "cy.get('.nr-cookie-preferences__cta-button').click({\n  force: true\n});\ncy.makeScreenshotWithHook(\"Changes Saved\", scriptHook);",
              "err": {},
              "uuid": "1c37858d-5e0a-4e99-aa1b-fa8b976dd405",
              "parentUUID": "5c3069fd-ecf3-4052-a47c-9a6cc2a41a53",
              "isHook": false,
              "skipped": false
            }
          ],
          "suites": [],
          "passes": [
            "d50f56af-bb39-4f6a-84f2-b7f4451132d2",
            "f19f2fe3-7e42-476b-b0e2-32dc16afae41",
            "6ca36a20-ccaa-4198-9870-6d020f788b84",
            "82b61771-54a2-4ac1-9351-bbd964119140",
            "1c37858d-5e0a-4e99-aa1b-fa8b976dd405"
          ],
          "failures": [],
          "pending": [],
          "skipped": [],
          "duration": 73105,
          "root": false,
          "rootEmpty": false,
          "_timeout": 2000
        }
      ],
      "passes": [],
      "failures": [],
      "pending": [],
      "skipped": [],
      "duration": 0,
      "root": true,
      "rootEmpty": true,
      "_timeout": 2000
    }
  ],
  "meta": {
    "mocha": {
      "version": "7.0.1"
    },
    "mochawesome": {
      "options": {
        "quiet": false,
        "reportFilename": "mochawesome",
        "saveHtml": true,
        "saveJson": true,
        "consoleReporter": "spec",
        "useInlineDiffs": false
      },
      "version": "4.1.0"
    },
    "marge": {
      "options": null,
      "version": "4.0.1"
    }
  }
}